-4.03639     0.000167553
-3.73798     0.000703722
-3.43957     0.00184308
-3.14115     0.00438989
-2.84274     0.010958
-2.54433     0.0225191
-2.24591     0.0417877
-1.9475      0.0831397
-1.64909     0.12667
-1.35067     0.196405
-1.05226     0.271871
-0.753846    0.334
-0.455433    0.375721
-0.15702     0.392677
0.141393     0.381451
0.439807     0.333296
0.73822      0.271101
1.03663      0.198249
1.33505      0.132434
1.63346      0.0831062
1.93187      0.047652
2.23029      0.022318
2.5287       0.0106564
2.82711      0.00492605
3.12553      0.00170904
3.42394      0.000837764
3.72235      0.000268085
4.02077      6.70211e-05
4.31918      0.000100532
4.61759      3.35106e-05
