

*******************************************************************************
Sun Dec 18 10:30:44 2022


FIT:    data read from 'medie.dat' u 1:2
        format = x:z
        #datapoints = 10
        residuals are weighted equally (unit weight)

function used for fitting: f(x)
	f(x)=ax+b
fitted parameters initialized with current variable values



*******************************************************************************
Sun Dec 18 10:30:55 2022


FIT:    data read from 'medie.dat' u 1:2
        format = x:z
        #datapoints = 10
        residuals are weighted equally (unit weight)

function used for fitting: f(x)
	f(x)=a*x+b
fitted parameters initialized with current variable values

iter      chisq       delta/lim  lambda   a             b            
   0 3.8212104048e+08   0.00e+00  4.23e+03    1.000000e+00   1.000000e+00
   7 1.5786276074e+04  -3.04e-07  4.23e-04    2.031578e+00   1.917320e+01

After 7 iterations the fit converged.
final sum of squares of residuals : 15786.3
rel. change during last iteration : -3.03597e-12

degrees of freedom    (FIT_NDF)                        : 8
rms of residuals      (FIT_STDFIT) = sqrt(WSSR/ndf)    : 44.4217
variance of residuals (reduced chisquare) = WSSR/ndf   : 1973.28

Final set of parameters            Asymptotic Standard Error
=======================            ==========================
a               = 2.03158          +/- 0.002805     (0.1381%)
b               = 19.1732          +/- 16.78        (87.53%)

correlation matrix of the fit parameters:
                a      b      
a               1.000 
b              -0.547  1.000 


*******************************************************************************
Sun Dec 18 10:34:28 2022


FIT:    data read from 'medie.dat' u 1:2:3 yerrors
        format = x:z:s
        #datapoints = 10
function used for fitting: f(x)
	f(x)=a*x+b
fitted parameters initialized with current variable values

iter      chisq       delta/lim  lambda   a             b            
   0 2.2552687672e+02   0.00e+00  2.31e+01    2.031578e+00   1.917320e+01
   4 5.0266918393e+00  -1.78e-03  2.31e-03    2.046905e+00  -5.010952e+00

After 4 iterations the fit converged.
final sum of squares of residuals : 5.02669
rel. change during last iteration : -1.7769e-08

degrees of freedom    (FIT_NDF)                        : 8
rms of residuals      (FIT_STDFIT) = sqrt(WSSR/ndf)    : 0.792677
variance of residuals (reduced chisquare) = WSSR/ndf   : 0.628336
p-value of the Chisq distribution (FIT_P)              : 0.75472

Final set of parameters            Asymptotic Standard Error
=======================            ==========================
a               = 2.04691          +/- 0.0192       (0.9379%)
b               = -5.01095         +/- 1.535        (30.64%)

correlation matrix of the fit parameters:
                a      b      
a               1.000 
b              -0.577  1.000 


*******************************************************************************
Sun Dec 18 10:35:24 2022


FIT:    data read from 'medie.dat' u 1:2:3 yerrors
        format = x:z:s
        #datapoints = 10
function used for fitting: f(x)
	f(x)=a*x
fitted parameters initialized with current variable values

iter      chisq       delta/lim  lambda   a            
   0 1.5053336157e+01   0.00e+00  3.27e+01    2.046905e+00
   3 1.1720653189e+01  -2.35e-04  3.27e-02    2.010778e+00

After 3 iterations the fit converged.
final sum of squares of residuals : 11.7207
rel. change during last iteration : -2.34525e-09

degrees of freedom    (FIT_NDF)                        : 9
rms of residuals      (FIT_STDFIT) = sqrt(WSSR/ndf)    : 1.14118
variance of residuals (reduced chisquare) = WSSR/ndf   : 1.30229
p-value of the Chisq distribution (FIT_P)              : 0.22952

Final set of parameters            Asymptotic Standard Error
=======================            ==========================
a               = 2.01078          +/- 0.02258      (1.123%)
